  assignment-2.c
d:\documents\ee312\trunk\assignment2\assignment2\assignment-2.c(38): warning C4013: 'time_AtoI' undefined; assuming extern returning int
d:\documents\ee312\trunk\assignment2\assignment2\assignment-2.c(43): warning C4013: 'time_ItoA' undefined; assuming extern returning int
d:\documents\ee312\trunk\assignment2\assignment2\assignment-2.c(48): warning C4013: 'currency_UtoE' undefined; assuming extern returning int
d:\documents\ee312\trunk\assignment2\assignment2\assignment-2.c(53): warning C4013: 'currency_EtoU' undefined; assuming extern returning int
d:\documents\ee312\trunk\assignment2\assignment2\assignment-2.c(58): warning C4013: 'temp_FtoC' undefined; assuming extern returning int
d:\documents\ee312\trunk\assignment2\assignment2\assignment-2.c(63): warning C4013: 'temp_CtoF' undefined; assuming extern returning int
d:\documents\ee312\trunk\assignment2\assignment2\assignment-2.c(68): warning C4013: 'weight_KtoP' undefined; assuming extern returning int
d:\documents\ee312\trunk\assignment2\assignment2\assignment-2.c(73): warning C4013: 'weight_PtoK' undefined; assuming extern returning int
d:\documents\ee312\trunk\assignment2\assignment2\assignment-2.c(78): warning C4013: 'distance_KtoM' undefined; assuming extern returning int
d:\documents\ee312\trunk\assignment2\assignment2\assignment-2.c(84): warning C4013: 'distance_MtoK' undefined; assuming extern returning int
d:\documents\ee312\trunk\assignment2\assignment2\assignment-2.c(33): warning C4996: 'scanf': This function or variable may be unsafe. Consider using scanf_s instead. To disable deprecation, use _CRT_SECURE_NO_WARNINGS. See online help for details.
  c:\program files (x86)\windows kits\10\include\10.0.10240.0\ucrt\stdio.h(1270): note: see declaration of 'scanf'
d:\documents\ee312\trunk\assignment2\assignment2\assignment-2.c(37): warning C4996: 'scanf': This function or variable may be unsafe. Consider using scanf_s instead. To disable deprecation, use _CRT_SECURE_NO_WARNINGS. See online help for details.
  c:\program files (x86)\windows kits\10\include\10.0.10240.0\ucrt\stdio.h(1270): note: see declaration of 'scanf'
d:\documents\ee312\trunk\assignment2\assignment2\assignment-2.c(42): warning C4996: 'scanf': This function or variable may be unsafe. Consider using scanf_s instead. To disable deprecation, use _CRT_SECURE_NO_WARNINGS. See online help for details.
  c:\program files (x86)\windows kits\10\include\10.0.10240.0\ucrt\stdio.h(1270): note: see declaration of 'scanf'
d:\documents\ee312\trunk\assignment2\assignment2\assignment-2.c(47): warning C4996: 'scanf': This function or variable may be unsafe. Consider using scanf_s instead. To disable deprecation, use _CRT_SECURE_NO_WARNINGS. See online help for details.
  c:\program files (x86)\windows kits\10\include\10.0.10240.0\ucrt\stdio.h(1270): note: see declaration of 'scanf'
d:\documents\ee312\trunk\assignment2\assignment2\assignment-2.c(52): warning C4996: 'scanf': This function or variable may be unsafe. Consider using scanf_s instead. To disable deprecation, use _CRT_SECURE_NO_WARNINGS. See online help for details.
  c:\program files (x86)\windows kits\10\include\10.0.10240.0\ucrt\stdio.h(1270): note: see declaration of 'scanf'
d:\documents\ee312\trunk\assignment2\assignment2\assignment-2.c(57): warning C4996: 'scanf': This function or variable may be unsafe. Consider using scanf_s instead. To disable deprecation, use _CRT_SECURE_NO_WARNINGS. See online help for details.
  c:\program files (x86)\windows kits\10\include\10.0.10240.0\ucrt\stdio.h(1270): note: see declaration of 'scanf'
d:\documents\ee312\trunk\assignment2\assignment2\assignment-2.c(62): warning C4996: 'scanf': This function or variable may be unsafe. Consider using scanf_s instead. To disable deprecation, use _CRT_SECURE_NO_WARNINGS. See online help for details.
  c:\program files (x86)\windows kits\10\include\10.0.10240.0\ucrt\stdio.h(1270): note: see declaration of 'scanf'
d:\documents\ee312\trunk\assignment2\assignment2\assignment-2.c(67): warning C4996: 'scanf': This function or variable may be unsafe. Consider using scanf_s instead. To disable deprecation, use _CRT_SECURE_NO_WARNINGS. See online help for details.
  c:\program files (x86)\windows kits\10\include\10.0.10240.0\ucrt\stdio.h(1270): note: see declaration of 'scanf'
d:\documents\ee312\trunk\assignment2\assignment2\assignment-2.c(72): warning C4996: 'scanf': This function or variable may be unsafe. Consider using scanf_s instead. To disable deprecation, use _CRT_SECURE_NO_WARNINGS. See online help for details.
  c:\program files (x86)\windows kits\10\include\10.0.10240.0\ucrt\stdio.h(1270): note: see declaration of 'scanf'
d:\documents\ee312\trunk\assignment2\assignment2\assignment-2.c(77): warning C4996: 'scanf': This function or variable may be unsafe. Consider using scanf_s instead. To disable deprecation, use _CRT_SECURE_NO_WARNINGS. See online help for details.
  c:\program files (x86)\windows kits\10\include\10.0.10240.0\ucrt\stdio.h(1270): note: see declaration of 'scanf'
d:\documents\ee312\trunk\assignment2\assignment2\assignment-2.c(83): warning C4996: 'scanf': This function or variable may be unsafe. Consider using scanf_s instead. To disable deprecation, use _CRT_SECURE_NO_WARNINGS. See online help for details.
  c:\program files (x86)\windows kits\10\include\10.0.10240.0\ucrt\stdio.h(1270): note: see declaration of 'scanf'
d:\documents\ee312\trunk\assignment2\assignment2\assignment-2.c(131): warning C4244: 'initializing': conversion from 'double' to 'int', possible loss of data
d:\documents\ee312\trunk\assignment2\assignment2\assignment-2.c(132): warning C4244: 'initializing': conversion from 'double' to 'int', possible loss of data
d:\documents\ee312\trunk\assignment2\assignment2\assignment-2.c(147): warning C4244: 'initializing': conversion from 'double' to 'int', possible loss of data
d:\documents\ee312\trunk\assignment2\assignment2\assignment-2.c(155): warning C4244: 'initializing': conversion from 'double' to 'int', possible loss of data
d:\documents\ee312\trunk\assignment2\assignment2\assignment-2.c(156): warning C4244: 'initializing': conversion from 'double' to 'int', possible loss of data
  assignment2.vcxproj -> D:\Documents\EE312\trunk\assignment2\Debug\assignment2.exe
  assignment2.vcxproj -> D:\Documents\EE312\trunk\assignment2\Debug\assignment2.pdb (Full PDB)
